app/build/app/intermediates/proguard-rules/release/aapt_rules.txt
# Referenced at merged_manifests/release/AndroidManifest.xml:25
-keep class androidx.core.app.CoreComponentFactory { <init>(); }
# Referenced at merged_manifests/release/AndroidManifest.xml:30
-keep class io.feelfreelinux.octo4a.octo4a.MainActivity { <init>(); }
# Referenced at merged_manifests/release/AndroidManifest.xml:55
-keep class io.feelfreelinux.octo4a.octo4a.OctoPrintService { <init>(); }
# Referenced at merged_manifests/release/AndroidManifest.xml:25
-keep class io.flutter.app.FlutterApplication { <init>(); }