app/build/app/outputs/mapping/release/mapping.txt
# compiler: R8
# compiler_version: 1.5.64
# min_api: 21
# pg_map_id: a70544f
io.feelfreelinux.octo4a.octo4a.BootstrapUtils -> io.feelfreelinux.octo4a.octo4a.a:
    java.lang.String FILES_PATH -> a
    io.feelfreelinux.octo4a.octo4a.BootstrapUtils$Companion Companion -> d
    java.lang.String HOME_PATH -> c
    java.lang.String PREFIX_PATH -> b
    java.lang.String access$getFILES_PATH$cp() -> a
    java.lang.String access$getHOME_PATH$cp() -> b
    java.lang.String access$getPREFIX_PATH$cp() -> c
io.feelfreelinux.octo4a.octo4a.BootstrapUtils$Companion -> io.feelfreelinux.octo4a.octo4a.a$a:
    void deleteFolder(java.io.File) -> a
    java.lang.String getFILES_PATH() -> a
    java.lang.Process runBashCommand(java.lang.String) -> a
    void setupBootstrap(kotlin.jvm.functions.Function0) -> a
    void ensureDirectoryExists(java.io.File) -> b
    java.lang.String getHOME_PATH() -> b
    java.lang.String getPREFIX_PATH() -> c
    boolean isBootstrapInstalled() -> d
io.feelfreelinux.octo4a.octo4a.MainActivity -> io.feelfreelinux.octo4a.octo4a.MainActivity:
    java.lang.String BROADCAST_RECEIVE_ACTION -> i
    kotlin.Lazy intentFilter$delegate -> f
    io.flutter.plugin.common.EventChannel$EventSink eventSink -> e
    kotlin.reflect.KProperty[] $$delegatedProperties -> h
    java.lang.String PLATFORM_CHANNEL -> c
    io.feelfreelinux.octo4a.octo4a.MainActivity$Companion Companion -> j
    io.feelfreelinux.octo4a.octo4a.MainActivity$broadcastReceiver$1 broadcastReceiver -> g
    java.lang.String STATUS_EVENT_CHANNEL -> d
    void access$notifyService(io.feelfreelinux.octo4a.octo4a.MainActivity,java.lang.String) -> a
    void configureFlutterEngine(io.flutter.embedding.engine.FlutterEngine) -> a
    void notifyService(java.lang.String) -> a
    void setEventSink(io.flutter.plugin.common.EventChannel$EventSink) -> a
    io.flutter.plugin.common.EventChannel$EventSink getEventSink() -> q
    java.lang.String access$getBROADCAST_RECEIVE_ACTION$cp() -> r
    android.content.IntentFilter getIntentFilter() -> s
io.feelfreelinux.octo4a.octo4a.MainActivity$Companion -> io.feelfreelinux.octo4a.octo4a.MainActivity$a:
    java.lang.String getBROADCAST_RECEIVE_ACTION() -> a
io.feelfreelinux.octo4a.octo4a.MainActivity$broadcastReceiver$1 -> io.feelfreelinux.octo4a.octo4a.MainActivity$b:
    io.feelfreelinux.octo4a.octo4a.MainActivity this$0 -> a
io.feelfreelinux.octo4a.octo4a.MainActivity$configureFlutterEngine$1 -> io.feelfreelinux.octo4a.octo4a.MainActivity$c:
    io.feelfreelinux.octo4a.octo4a.MainActivity this$0 -> a
    void onCancel(java.lang.Object) -> a
    void onListen(java.lang.Object,io.flutter.plugin.common.EventChannel$EventSink) -> a
io.feelfreelinux.octo4a.octo4a.MainActivity$configureFlutterEngine$2 -> io.feelfreelinux.octo4a.octo4a.MainActivity$d:
    io.feelfreelinux.octo4a.octo4a.MainActivity this$0 -> a
    void onMethodCall(io.flutter.plugin.common.MethodCall,io.flutter.plugin.common.MethodChannel$Result) -> a
io.feelfreelinux.octo4a.octo4a.MainActivity$intentFilter$2 -> io.feelfreelinux.octo4a.octo4a.MainActivity$e:
    io.feelfreelinux.octo4a.octo4a.MainActivity$intentFilter$2 INSTANCE -> a
    android.content.IntentFilter invoke() -> b
    java.lang.Object invoke() -> b
...
kotlin.jvm.internal.FunctionBase -> d.s.d.f:
kotlin.jvm.internal.Intrinsics -> d.s.d.g:
    boolean areEqual(java.lang.Object,java.lang.Object) -> a
    void checkExpressionValueIsNotNull(java.lang.Object,java.lang.String) -> a
    java.lang.Throwable sanitizeStackTrace(java.lang.Throwable) -> a
    java.lang.Throwable sanitizeStackTrace(java.lang.Throwable,java.lang.String) -> a
    void throwNpe() -> a
    void throwParameterIsNullException(java.lang.String) -> a
    void checkParameterIsNotNull(java.lang.Object,java.lang.String) -> b
kotlin.jvm.internal.Lambda -> d.s.d.h:
kotlin.jvm.internal.PropertyReference -> d.s.d.k:
    kotlin.reflect.KProperty getReflected() -> g
kotlin.jvm.internal.PropertyReference1 -> d.s.d.i:
    kotlin.reflect.KProperty1$Getter getGetter() -> a
    java.lang.Object invoke(java.lang.Object) -> b
    kotlin.reflect.KCallable computeReflected() -> c
kotlin.jvm.internal.PropertyReference1Impl -> d.s.d.j:
    java.lang.String signature -> f
    kotlin.reflect.KDeclarationContainer owner -> d
    java.lang.String name -> e
    java.lang.Object get(java.lang.Object) -> a
    java.lang.String getName() -> e
    kotlin.reflect.KDeclarationContainer getOwner() -> f
    java.lang.String getSignature() -> h
kotlin.jvm.internal.Ref$ObjectRef -> d.s.d.l:
    java.lang.Object element -> a
kotlin.jvm.internal.Reflection -> d.s.d.m:
    kotlin.jvm.internal.ReflectionFactory factory -> a
    kotlin.reflect.KClass getOrCreateKotlinClass(java.lang.Class) -> a
    kotlin.reflect.KProperty1 property1(kotlin.jvm.internal.PropertyReference1) -> a
    java.lang.String renderLambdaToString(kotlin.jvm.internal.Lambda) -> a
kotlin.jvm.internal.ReflectionFactory -> d.s.d.n:
    kotlin.reflect.KClass getOrCreateKotlinClass(java.lang.Class) -> a
    kotlin.reflect.KProperty1 property1(kotlin.jvm.internal.PropertyReference1) -> a
    java.lang.String renderLambdaToString(kotlin.jvm.internal.FunctionBase) -> a
    java.lang.String renderLambdaToString(kotlin.jvm.internal.Lambda) -> a
kotlin.jvm.internal.markers.KMappedMarker -> d.s.d.o.a:
kotlin.ranges.ClosedRange -> d.t.a:
kotlin.ranges.IntProgression -> d.t.b:
    kotlin.ranges.IntProgression$Companion Companion -> d
    int last -> b
    int step -> c
    int first -> a
    int getFirst() -> a
    int getLast() -> b
    int getStep() -> c
kotlin.ranges.IntProgression$Companion -> d.t.b$a:
    kotlin.ranges.IntProgression fromClosedRange(int,int,int) -> a
kotlin.ranges.IntProgressionIterator -> d.t.c:
    int step -> d
    boolean hasNext -> b
    int next -> c
    int finalElement -> a
    int nextInt() -> a
kotlin.ranges.IntRange -> d.t.d:
    kotlin.ranges.IntRange EMPTY -> e
    kotlin.ranges.IntRange$Companion Companion -> f
    java.lang.Integer getEndInclusive() -> d
    java.lang.Integer getStart() -> e
    kotlin.ranges.IntRange access$getEMPTY$cp() -> f
kotlin.ranges.IntRange$Companion -> d.t.d$a:
    kotlin.ranges.IntRange getEMPTY() -> a
kotlin.ranges.RangesKt -> d.t.e:
    int coerceAtLeast(int,int) -> a
    int coerceIn(int,int,int) -> a
    int coerceAtMost(int,int) -> b
    kotlin.ranges.IntProgression downTo(int,int) -> c
    kotlin.ranges.IntRange until(int,int) -> d
kotlin.ranges.RangesKt__RangesJVMKt -> d.t.f:
kotlin.ranges.RangesKt__RangesKt -> d.t.g:
kotlin.ranges.RangesKt___RangesKt -> d.t.h:
    int coerceAtLeast(int,int) -> a
    int coerceIn(int,int,int) -> a
    int coerceAtMost(int,int) -> b
    kotlin.ranges.IntProgression downTo(int,int) -> c
    kotlin.ranges.IntRange until(int,int) -> d
kotlin.reflect.KAnnotatedElement -> d.u.a:
kotlin.reflect.KCallable -> d.u.b:
    java.lang.Object call(java.lang.Object[]) -> a
kotlin.reflect.KClass -> d.u.c:
kotlin.reflect.KClassifier -> d.u.d:
kotlin.reflect.KDeclarationContainer -> d.u.e:
kotlin.reflect.KFunction -> d.u.f:
kotlin.reflect.KProperty -> d.u.g:
kotlin.reflect.KProperty$Accessor -> d.u.g$a:
kotlin.reflect.KProperty$Getter -> d.u.g$b: